<?xml version="1.0" encoding="UTF-8"?>
<!-- Generated by org.testng.reporters.JUnitReportReporter -->
<testsuite hostname="DESKTOP-H21MM63" name="AutomationDemo.MavenJavaDemo.JavaDemo2" tests="1" failures="0" timestamp="22 Apr 2021 15:24:55 GMT" time="0.009" errors="0">
  <testcase name="welcome" time="0.009" classname="AutomationDemo.MavenJavaDemo.JavaDemo2"/>
</testsuite> <!-- AutomationDemo.MavenJavaDemo.JavaDemo2 -->
